<?xml version="1.0" encoding="utf-8"?><testsuites><testsuite name="pytest" errors="3" failures="0" skipped="0" tests="3" time="0.182" timestamp="2024-12-14T01:02:35.035810+01:00" hostname="TIM"><testcase classname="" name="tests.test_tree" time="0.000"><error message="collection failure">ImportError while importing test module 'C:\Users\timle\PycharmProjects\triplet_distance\tests\test_tree.py'.
Hint: make sure your test modules/packages have valid Python names.
Traceback:
..\..\AppData\Local\Programs\Python\Python311\Lib\importlib\__init__.py:126: in import_module
    return _bootstrap._gcd_import(name[level:], package, level)
tests\test_tree.py:3: in &lt;module&gt;
    from src.rooted_triplet_distance import Tree
E   ModuleNotFoundError: No module named 'src'</error></testcase><testcase classname="" name="tests.test_tree_reconstruction" time="0.000"><error message="collection failure">ImportError while importing test module 'C:\Users\timle\PycharmProjects\triplet_distance\tests\test_tree_reconstruction.py'.
Hint: make sure your test modules/packages have valid Python names.
Traceback:
..\..\AppData\Local\Programs\Python\Python311\Lib\importlib\__init__.py:126: in import_module
    return _bootstrap._gcd_import(name[level:], package, level)
tests\test_tree_reconstruction.py:3: in &lt;module&gt;
    from src.rooted_triplet_distance import TreeReconstruction, Tree
E   ModuleNotFoundError: No module named 'src'</error></testcase><testcase classname="" name="tests.test_triplet" time="0.000"><error message="collection failure">ImportError while importing test module 'C:\Users\timle\PycharmProjects\triplet_distance\tests\test_triplet.py'.
Hint: make sure your test modules/packages have valid Python names.
Traceback:
..\..\AppData\Local\Programs\Python\Python311\Lib\importlib\__init__.py:126: in import_module
    return _bootstrap._gcd_import(name[level:], package, level)
tests\test_triplet.py:3: in &lt;module&gt;
    from src.rooted_triplet_distance import Triplet
E   ModuleNotFoundError: No module named 'src'</error></testcase></testsuite></testsuites>